0 info it worked if it ends with ok
1 verbose cli [ '/Users/shivsngiggles/.nvm/versions/node/v6.17.0/bin/node',
1 verbose cli   '/Users/shivsngiggles/.nvm/versions/node/v6.17.0/bin/npm',
1 verbose cli   'run',
1 verbose cli   'server' ]
2 info using npm@3.10.10
3 info using node@v6.17.0
4 verbose stack Error: missing script: server
4 verbose stack     at run (/Users/shivsngiggles/.nvm/versions/node/v6.17.0/lib/node_modules/npm/lib/run-script.js:151:19)
4 verbose stack     at /Users/shivsngiggles/.nvm/versions/node/v6.17.0/lib/node_modules/npm/lib/run-script.js:61:5
4 verbose stack     at /Users/shivsngiggles/.nvm/versions/node/v6.17.0/lib/node_modules/npm/node_modules/read-package-json/read-json.js:356:5
4 verbose stack     at checkBinReferences_ (/Users/shivsngiggles/.nvm/versions/node/v6.17.0/lib/node_modules/npm/node_modules/read-package-json/read-json.js:320:45)
4 verbose stack     at final (/Users/shivsngiggles/.nvm/versions/node/v6.17.0/lib/node_modules/npm/node_modules/read-package-json/read-json.js:354:3)
4 verbose stack     at then (/Users/shivsngiggles/.nvm/versions/node/v6.17.0/lib/node_modules/npm/node_modules/read-package-json/read-json.js:124:5)
4 verbose stack     at ReadFileContext.<anonymous> (/Users/shivsngiggles/.nvm/versions/node/v6.17.0/lib/node_modules/npm/node_modules/read-package-json/read-json.js:295:20)
4 verbose stack     at ReadFileContext.callback (/Users/shivsngiggles/.nvm/versions/node/v6.17.0/lib/node_modules/npm/node_modules/graceful-fs/graceful-fs.js:78:16)
4 verbose stack     at FSReqWrap.readFileAfterOpen [as oncomplete] (fs.js:367:13)
5 verbose cwd /Users/shivsngiggles/Desktop/Careers/Coding/Nodejs-Projects/task-manager
6 error Darwin 18.7.0
7 error argv "/Users/shivsngiggles/.nvm/versions/node/v6.17.0/bin/node" "/Users/shivsngiggles/.nvm/versions/node/v6.17.0/bin/npm" "run" "server"
8 error node v6.17.0
9 error npm  v3.10.10
10 error missing script: server
11 error If you need help, you may report this error at:
11 error     <https://github.com/npm/npm/issues>
12 verbose exit [ 1, true ]
